<?xml version="1.0" encoding="UTF-8"?>
<!-- Generated by org.testng.reporters.JUnitXMLReporter -->
<testsuite ignored="0" hostname="DESKTOP-FOPQIB1" failures="1" tests="2" name="Test" time="144.284" errors="0" timestamp="2023-04-18T23:42:55 IST">
  <testcase classname="TestScripts.Loginpg1" name="opengurulogin" time="51.758"/>
  <testcase classname="TestScripts.Loginpg1" name="login" time="0.017">
    <failure type="org.testng.internal.reflect.MethodMatcherException" message="
[public void TestScripts.Loginpg1.login(java.lang.String,java.lang.String)] has no parameters defined but was found to be using a data provider (either explicitly specified or inherited from class level annotation).
Data provider mismatch
Method: login([java.lang.String arg0, java.lang.String arg1])
Arguments: [(java.lang.String) sdjkfk23,(java.lang.String) fyu76,null,null]">
      <![CDATA[org.testng.internal.reflect.MethodMatcherException: 
[public void TestScripts.Loginpg1.login(java.lang.String,java.lang.String)] has no parameters defined but was found to be using a data provider (either explicitly specified or inherited from class level annotation).
Data provider mismatch
Method: login([java.lang.String arg0, java.lang.String arg1])
Arguments: [(java.lang.String) sdjkfk23,(java.lang.String) fyu76,null,null]
at java.base/java.util.ArrayList.forEach(ArrayList.java:1511)
... Removed 22 stack frames]]>
    </failure>
  </testcase> <!-- login -->
</testsuite> <!-- Test -->
